<?xml version="1.0" encoding="UTF-8"?>
<testng-results skipped="0" failed="0" ignored="0" total="1" passed="1">
  <reporter-output>
  </reporter-output>
  <suite name="Suite" duration-ms="115807" started-at="2019-09-10T11:19:40 IST" finished-at="2019-09-10T11:21:36 IST">
    <groups>
    </groups>
    <test name="Test" duration-ms="115807" started-at="2019-09-10T11:19:40 IST" finished-at="2019-09-10T11:21:36 IST">
      <class name="com.hrm.user.User1">
        <test-method status="PASS" signature="beforeClass()[pri:0, instance:com.hrm.user.User1@1dfe2924]" name="beforeClass" is-config="true" duration-ms="97654" started-at="2019-09-10T11:19:40 IST" finished-at="2019-09-10T11:21:18 IST">
          <reporter-output>
          </reporter-output>
        </test-method> <!-- beforeClass -->
        <test-method status="PASS" signature="verifySearchButton()[pri:0, instance:com.hrm.user.User1@1dfe2924]" name="verifySearchButton" duration-ms="16155" started-at="2019-09-10T11:21:18 IST" finished-at="2019-09-10T11:21:34 IST">
          <reporter-output>
          </reporter-output>
        </test-method> <!-- verifySearchButton -->
        <test-method status="PASS" signature="afterClass()[pri:0, instance:com.hrm.user.User1@1dfe2924]" name="afterClass" is-config="true" duration-ms="1437" started-at="2019-09-10T11:21:34 IST" finished-at="2019-09-10T11:21:36 IST">
          <reporter-output>
          </reporter-output>
        </test-method> <!-- afterClass -->
      </class> <!-- com.hrm.user.User1 -->
    </test> <!-- Test -->
  </suite> <!-- Suite -->
</testng-results>
